

Microchip MPLAB XC8 Assembler V2.50 build 20240725155939 
                                                                                               Tue Oct 22 00:24:50 2024

Microchip MPLAB XC8 C Compiler v2.50 (Free license) build 20240725155939 Og1 
     1                           	processor	12F675
     2                           	pagewidth 120
     3                           	opt	flic
     4                           	psect	cinit,global,class=CODE,space=0,merge=1,delta=2
     5                           	psect	bssBANK0,global,class=BANK0,space=1,delta=1,noexec
     6                           	psect	cstackCOMMON,global,class=COMMON,space=1,delta=1,noexec
     7                           	psect	cstackBANK0,global,class=BANK0,space=1,delta=1,noexec
     8                           	psect	maintext,global,class=CODE,space=0,split=1,delta=2
     9                           	psect	text1,local,class=CODE,space=0,merge=1,delta=2
    10                           	psect	text2,local,class=CODE,space=0,merge=1,delta=2
    11                           	psect	intentry,global,class=CODE,space=0,delta=2
    12                           	psect	text3,local,class=CODE,space=0,merge=1,delta=2
    13                           	psect	config,global,abs,ovrld,class=CONFIG,space=4,delta=2,noexec
    14                           	dabs	1,0x5E,2
    15     0000                     
    16                           ; Generated 17/08/2023 GMT
    17                           ; 
    18                           ; Copyright © 2023, Microchip Technology Inc. and its subsidiaries ("Microchip")
    19                           ; All rights reserved.
    20                           ; 
    21                           ; This software is developed by Microchip Technology Inc. and its subsidiaries ("Microch
      +                          ip").
    22                           ; 
    23                           ; Redistribution and use in source and binary forms, with or without modification, are
    24                           ; permitted provided that the following conditions are met:
    25                           ; 
    26                           ;     1. Redistributions of source code must retain the above copyright notice, this lis
      +                          t of
    27                           ;        conditions and the following disclaimer.
    28                           ; 
    29                           ;     2. Redistributions in binary form must reproduce the above copyright notice, this 
      +                          list
    30                           ;        of conditions and the following disclaimer in the documentation and/or other
    31                           ;        materials provided with the distribution. Publication is not required when
    32                           ;        this file is used in an embedded application.
    33                           ; 
    34                           ;     3. Microchip's name may not be used to endorse or promote products derived from th
      +                          is
    35                           ;        software without specific prior written permission.
    36                           ; 
    37                           ; THIS SOFTWARE IS PROVIDED BY MICROCHIP "AS IS" AND ANY EXPRESS OR IMPLIED WARRANTIES,
    38                           ; INCLUDING, BUT NOT LIMITED TO, THE IMPLIED WARRANTIES OF MERCHANTABILITY AND FITNESS F
      +                          OR
    39                           ; PURPOSE ARE DISCLAIMED.  IN NO EVENT SHALL MICROCHIP BE LIABLE FOR ANY DIRECT, INDIREC
      +                          T,
    40                           ; INCIDENTAL, SPECIAL, EXEMPLARY, OR CONSEQUENTIAL DAMAGES (INCLUDING BUT NOT LIMITED TO
    41                           ; PROCUREMENT OF SUBSTITUTE GOODS OR SERVICES; LOSS OF USE, DATA OR PROFITS; OR BUSINESS
    42                           ; INTERRUPTION) HOWSOEVER CAUSED AND ON ANY THEORY OF LIABILITY, WHETHER IN CONTRACT, ST
      +                          RICT
    43                           ; LIABILITY, OR TORT (INCLUDING NEGLIGENCE OR OTHERWISE) ARISING IN ANY WAY OUT OF THE U
      +                          SE OF
    44                           ; THIS SOFTWARE, EVEN IF ADVISED OF THE POSSIBILITY OF SUCH DAMAGE.
    45                           ; 
    46                           ; 
    47                           ; Code-generator required, PIC12F675 Definitions
    48                           ; 
    49                           ; SFR Addresses
    50     0004                     fsr             equ	4
    51     0004                     fsr0            equ	4
    52     0000                     indf            equ	0
    53     0000                     indf0           equ	0
    54     0002                     pc              equ	2
    55     0002                     pcl             equ	2
    56     000A                     pclath          equ	10
    57     0003                     status          equ	3
    58     0000                     INDF            equ	0	;# 
    59     0001                     TMR0            equ	1	;# 
    60     0002                     PCL             equ	2	;# 
    61     0003                     STATUS          equ	3	;# 
    62     0004                     FSR             equ	4	;# 
    63     0005                     GPIO            equ	5	;# 
    64     000A                     PCLATH          equ	10	;# 
    65     000B                     INTCON          equ	11	;# 
    66     000C                     PIR1            equ	12	;# 
    67     000E                     TMR1            equ	14	;# 
    68     000E                     TMR1L           equ	14	;# 
    69     000F                     TMR1H           equ	15	;# 
    70     0010                     T1CON           equ	16	;# 
    71     0019                     CMCON           equ	25	;# 
    72     001E                     ADRESH          equ	30	;# 
    73     001F                     ADCON0          equ	31	;# 
    74     0081                     OPTION_REG      equ	129	;# 
    75     0085                     TRISIO          equ	133	;# 
    76     008C                     PIE1            equ	140	;# 
    77     008E                     PCON            equ	142	;# 
    78     0090                     OSCCAL          equ	144	;# 
    79     0095                     WPU             equ	149	;# 
    80     0096                     IOC             equ	150	;# 
    81     0096                     IOCB            equ	150	;# 
    82     0099                     VRCON           equ	153	;# 
    83     009A                     EEDATA          equ	154	;# 
    84     009A                     EEDAT           equ	154	;# 
    85     009B                     EEADR           equ	155	;# 
    86     009C                     EECON1          equ	156	;# 
    87     009D                     EECON2          equ	157	;# 
    88     009E                     ADRESL          equ	158	;# 
    89     009F                     ANSEL           equ	159	;# 
    90     0000                     INDF            equ	0	;# 
    91     0001                     TMR0            equ	1	;# 
    92     0002                     PCL             equ	2	;# 
    93     0003                     STATUS          equ	3	;# 
    94     0004                     FSR             equ	4	;# 
    95     0005                     GPIO            equ	5	;# 
    96     000A                     PCLATH          equ	10	;# 
    97     000B                     INTCON          equ	11	;# 
    98     000C                     PIR1            equ	12	;# 
    99     000E                     TMR1            equ	14	;# 
   100     000E                     TMR1L           equ	14	;# 
   101     000F                     TMR1H           equ	15	;# 
   102     0010                     T1CON           equ	16	;# 
   103     0019                     CMCON           equ	25	;# 
   104     001E                     ADRESH          equ	30	;# 
   105     001F                     ADCON0          equ	31	;# 
   106     0081                     OPTION_REG      equ	129	;# 
   107     0085                     TRISIO          equ	133	;# 
   108     008C                     PIE1            equ	140	;# 
   109     008E                     PCON            equ	142	;# 
   110     0090                     OSCCAL          equ	144	;# 
   111     0095                     WPU             equ	149	;# 
   112     0096                     IOC             equ	150	;# 
   113     0096                     IOCB            equ	150	;# 
   114     0099                     VRCON           equ	153	;# 
   115     009A                     EEDATA          equ	154	;# 
   116     009A                     EEDAT           equ	154	;# 
   117     009B                     EEADR           equ	155	;# 
   118     009C                     EECON1          equ	156	;# 
   119     009D                     EECON2          equ	157	;# 
   120     009E                     ADRESL          equ	158	;# 
   121     009F                     ANSEL           equ	159	;# 
   122     0005                     _GPIO           set	5
   123     000B                     _INTCON         set	11
   124     0096                     _IOC            set	150
   125     0095                     _WPU            set	149
   126     0085                     _TRISIO         set	133
   127                           
   128                           	psect	cinit
   129     000C                     start_initialization:	
   130                           ; #config settings
   131                           
   132     000C                     __initialization:
   133                           
   134                           ; Clear objects allocated to BANK0
   135     000C  1283               	bcf	3,5	;RP0=0, select bank0
   136     000D  01A8               	clrf	__pbssBANK0& (0+127)
   137     000E  01A9               	clrf	(__pbssBANK0+1)& (0+127)
   138     000F  01AA               	clrf	(__pbssBANK0+2)& (0+127)
   139     0010  01AB               	clrf	(__pbssBANK0+3)& (0+127)
   140     0011  01AC               	clrf	(__pbssBANK0+4)& (0+127)
   141     0012  01AD               	clrf	(__pbssBANK0+5)& (0+127)
   142     0013                     end_of_initialization:	
   143                           ;End of C runtime variable initialization code
   144                           
   145     0013                     __end_of__initialization:
   146     0013  0183               	clrf	3
   147     0014  2856               	ljmp	_main	;jump to C main() function
   148                           
   149                           	psect	bssBANK0
   150     0028                     __pbssBANK0:
   151     0028                     _Flag:
   152     0028                     	ds	1
   153     0029                     _repeatCounter:
   154     0029                     	ds	1
   155     002A                     _RepeatEnable:
   156     002A                     	ds	1
   157     002B                     _RepeatOnFlag:
   158     002B                     	ds	1
   159     002C                     _DioState:
   160     002C                     	ds	1
   161     002D                     _DispenserOn:
   162     002D                     	ds	1
   163                           
   164                           	psect	cstackCOMMON
   165     0000                     __pcstackCOMMON:
   166     0000                     ??_InitAll:
   167                           
   168                           	psect	cstackBANK0
   169     0020                     __pcstackBANK0:	
   170                           ; 1 bytes @ 0x0
   171                           
   172     0020                     ?_InitAll:
   173     0020                     ?_main:	
   174                           ; 1 bytes @ 0x0
   175                           
   176     0020                     ?_DioPinWrite:	
   177                           ; 1 bytes @ 0x0
   178                           
   179     0020                     ?_ISR:	
   180                           ; 1 bytes @ 0x0
   181                           
   182     0020                     DioPinWrite@state:	
   183                           ; 1 bytes @ 0x0
   184                           
   185                           
   186                           ; 1 bytes @ 0x0
   187     0020                     	ds	1
   188     0021                     ??_DioPinWrite:
   189                           
   190                           ; 1 bytes @ 0x1
   191     0021                     	ds	1
   192     0022                     DioPinWrite@pinNumber:
   193                           
   194                           ; 1 bytes @ 0x2
   195     0022                     	ds	1
   196     0023                     ??_ISR:
   197                           
   198                           ; 1 bytes @ 0x3
   199     0023                     	ds	2
   200     0025                     ??_main:
   201                           
   202                           ; 1 bytes @ 0x5
   203     0025                     	ds	3
   204                           
   205                           	psect	maintext
   206     0056                     __pmaintext:	
   207 ;;
   208 ;;Main: autosize = 0, tempsize = 3, incstack = 0, save=0
   209 ;;
   210 ;; *************** function _main *****************
   211 ;; Defined at:
   212 ;;		line 54 in file "newmain.c"
   213 ;; Parameters:    Size  Location     Type
   214 ;;		None
   215 ;; Auto vars:     Size  Location     Type
   216 ;;		None
   217 ;; Return value:  Size  Location     Type
   218 ;;                  1    wreg      void 
   219 ;; Registers used:
   220 ;;		wreg, status,2, status,0, pclath, cstack
   221 ;; Tracked objects:
   222 ;;		On entry : B00/0
   223 ;;		On exit  : 0/0
   224 ;;		Unchanged: 0/0
   225 ;; Data sizes:     COMMON   BANK0
   226 ;;      Params:         0       0
   227 ;;      Locals:         0       0
   228 ;;      Temps:          0       3
   229 ;;      Totals:         0       3
   230 ;;Total ram usage:        3 bytes
   231 ;; Hardware stack levels required when called: 3
   232 ;; This function calls:
   233 ;;		_InitAll
   234 ;; This function is called by:
   235 ;;		Startup code after reset
   236 ;; This function uses a non-reentrant model
   237 ;;
   238                           
   239     0056                     _main:	
   240                           ;psect for function _main
   241                           
   242     0056                     l648:	
   243                           ;incstack = 0
   244                           ; Regs used in _main: [wreg+status,2+status,0+pclath+cstack]
   245                           
   246                           
   247                           ;newmain.c: 55:     InitAll();
   248     0056  2069               	fcall	_InitAll
   249     0057                     l650:
   250                           
   251                           ;newmain.c: 56:     _delay((unsigned long)((1000)*(4000000/4000.0)));
   252     0057  3006               	movlw	6
   253     0058  1283               	bcf	3,5	;RP0=0, select bank0
   254     0059  00A7               	movwf	??_main+2
   255     005A  3013               	movlw	19
   256     005B  00A6               	movwf	??_main+1
   257     005C  30AD               	movlw	173
   258     005D  00A5               	movwf	??_main
   259     005E                     u117:
   260     005E  0BA5               	decfsz	??_main,f
   261     005F  285E               	goto	u117
   262     0060  0BA6               	decfsz	??_main+1,f
   263     0061  285E               	goto	u117
   264     0062  0BA7               	decfsz	??_main+2,f
   265     0063  285E               	goto	u117
   266     0064  2865               	nop2
   267     0065                     l652:
   268                           
   269                           ;newmain.c: 57:     DispenserOn=0;
   270     0065  1283               	bcf	3,5	;RP0=0, select bank0
   271     0066  01AD               	clrf	_DispenserOn
   272     0067                     l31:	
   273                           ;newmain.c: 58:     while (1) {
   274                           
   275     0067                     l32:	
   276                           ;newmain.c: 80:     }
   277                           
   278     0067  2867               	goto	l31
   279     0068  280B               	ljmp	start
   280     0069                     __end_of_main:
   281                           
   282                           	psect	text1
   283     0069                     __ptext1:	
   284 ;; *************** function _InitAll *****************
   285 ;; Defined at:
   286 ;;		line 84 in file "newmain.c"
   287 ;; Parameters:    Size  Location     Type
   288 ;;		None
   289 ;; Auto vars:     Size  Location     Type
   290 ;;		None
   291 ;; Return value:  Size  Location     Type
   292 ;;                  1    wreg      void 
   293 ;; Registers used:
   294 ;;		wreg, status,2, status,0
   295 ;; Tracked objects:
   296 ;;		On entry : 0/0
   297 ;;		On exit  : 0/0
   298 ;;		Unchanged: 0/0
   299 ;; Data sizes:     COMMON   BANK0
   300 ;;      Params:         0       0
   301 ;;      Locals:         0       0
   302 ;;      Temps:          0       0
   303 ;;      Totals:         0       0
   304 ;;Total ram usage:        0 bytes
   305 ;; Hardware stack levels used: 1
   306 ;; Hardware stack levels required when called: 2
   307 ;; This function calls:
   308 ;;		Nothing
   309 ;; This function is called by:
   310 ;;		_main
   311 ;; This function uses a non-reentrant model
   312 ;;
   313                           
   314     0069                     _InitAll:	
   315                           ;psect for function _InitAll
   316                           
   317     0069                     l630:	
   318                           ;incstack = 0
   319                           ; Regs used in _InitAll: [wreg+status,2+status,0]
   320                           
   321                           
   322                           ;newmain.c: 87:     TRISIO = 0b00000000;
   323     0069  1683               	bsf	3,5	;RP0=1, select bank1
   324     006A  0185               	clrf	5	;volatile
   325     006B                     l632:
   326                           
   327                           ;newmain.c: 88:     TRISIO |=(1<< 0 ) | (1<< 5 ) ;
   328     006B  3021               	movlw	33
   329     006C  0485               	iorwf	5,f	;volatile
   330     006D                     l634:
   331                           
   332                           ;newmain.c: 90:     WPU = 0b00100101;
   333     006D  3025               	movlw	37
   334     006E  0095               	movwf	21	;volatile
   335     006F                     l636:
   336                           
   337                           ;newmain.c: 92:     INTCON = 0b10001000;
   338     006F  3088               	movlw	136
   339     0070  008B               	movwf	11	;volatile
   340     0071                     l638:
   341                           
   342                           ;newmain.c: 94:     IOC = 0b00100000;
   343     0071  3020               	movlw	32
   344     0072  0096               	movwf	22	;volatile
   345     0073                     l37:
   346     0073  0008               	return
   347     0074                     __end_of_InitAll:
   348                           
   349                           	psect	text2
   350     0037                     __ptext2:	
   351 ;; *************** function _ISR *****************
   352 ;; Defined at:
   353 ;;		line 151 in file "newmain.c"
   354 ;; Parameters:    Size  Location     Type
   355 ;;		None
   356 ;; Auto vars:     Size  Location     Type
   357 ;;		None
   358 ;; Return value:  Size  Location     Type
   359 ;;                  1    wreg      void 
   360 ;; Registers used:
   361 ;;		wreg, status,2, status,0, pclath, cstack
   362 ;; Tracked objects:
   363 ;;		On entry : 0/0
   364 ;;		On exit  : 0/0
   365 ;;		Unchanged: 0/0
   366 ;; Data sizes:     COMMON   BANK0
   367 ;;      Params:         0       0
   368 ;;      Locals:         0       0
   369 ;;      Temps:          0       2
   370 ;;      Totals:         0       2
   371 ;;Total ram usage:        2 bytes
   372 ;; Hardware stack levels used: 1
   373 ;; Hardware stack levels required when called: 1
   374 ;; This function calls:
   375 ;;		_DioPinWrite
   376 ;; This function is called by:
   377 ;;		Interrupt level 1
   378 ;; This function uses a non-reentrant model
   379 ;;
   380                           
   381     0037                     _ISR:	
   382                           ;psect for function _ISR
   383                           
   384     0037                     i1l654:
   385                           
   386                           ;newmain.c: 153:     if (INTCON & (1 << 0)) {
   387     0037  1C0B               	btfss	11,0	;volatile
   388     0038  283A               	goto	u9_21
   389     0039  283B               	goto	u9_20
   390     003A                     u9_21:
   391     003A  283D               	goto	i1l47
   392     003B                     u9_20:
   393     003B                     i1l656:
   394                           
   395                           ;newmain.c: 158:         INTCON &= ~(1 << 0);
   396     003B  30FE               	movlw	254
   397     003C  058B               	andwf	11,f	;volatile
   398     003D                     i1l47:	
   399                           ;newmain.c: 159:     }
   400                           
   401                           
   402                           ;newmain.c: 160:                         if(Flag == 1){
   403     003D  0328               	decf	_Flag,w
   404     003E  1D03               	btfss	3,2
   405     003F  2841               	goto	u10_21
   406     0040  2842               	goto	u10_20
   407     0041                     u10_21:
   408     0041  2849               	goto	i1l662
   409     0042                     u10_20:
   410     0042                     i1l658:
   411                           
   412                           ;newmain.c: 161:             DioPinWrite(4, 1);
   413     0042  01A0               	clrf	DioPinWrite@state
   414     0043  0AA0               	incf	DioPinWrite@state,f
   415     0044  3004               	movlw	4
   416     0045  2015               	fcall	_DioPinWrite
   417     0046                     i1l660:
   418                           
   419                           ;newmain.c: 162:             Flag = 0;
   420     0046  1283               	bcf	3,5	;RP0=0, select bank0
   421     0047  01A8               	clrf	_Flag
   422                           
   423                           ;newmain.c: 163:         } else{
   424     0048  284F               	goto	i1l50
   425     0049                     i1l662:
   426                           
   427                           ;newmain.c: 164:               DioPinWrite(4, 0);
   428     0049  01A0               	clrf	DioPinWrite@state
   429     004A  3004               	movlw	4
   430     004B  2015               	fcall	_DioPinWrite
   431     004C                     i1l664:
   432                           
   433                           ;newmain.c: 165:             Flag = 1;
   434     004C  3001               	movlw	1
   435     004D  1283               	bcf	3,5	;RP0=0, select bank0
   436     004E  00A8               	movwf	_Flag
   437     004F                     i1l50:
   438     004F  0824               	movf	??_ISR+1,w
   439     0050  008A               	movwf	10
   440     0051  0E23               	swapf	??_ISR,w
   441     0052  0083               	movwf	3
   442     0053  0EDE               	swapf	btemp,f
   443     0054  0E5E               	swapf	btemp,w
   444     0055  0009               	retfie
   445     0056                     __end_of_ISR:
   446                           
   447                           	psect	intentry
   448     0004                     __pintentry:	
   449                           ;incstack = 0
   450                           ; Regs used in _ISR: [wreg+status,2+status,0+pclath+cstack]
   451                           
   452     0004                     interrupt_function:
   453     005E                     saved_w         set	btemp
   454     0004  00DE               	movwf	btemp
   455     0005  0E03               	swapf	3,w
   456     0006  1283               	bcf	3,5	;RP0=0, select bank0
   457     0007  00A3               	movwf	??_ISR
   458     0008  080A               	movf	10,w
   459     0009  00A4               	movwf	??_ISR+1
   460     000A  2837               	ljmp	_ISR
   461                           
   462                           	psect	text3
   463     0015                     __ptext3:	
   464 ;; *************** function _DioPinWrite *****************
   465 ;; Defined at:
   466 ;;		line 99 in file "newmain.c"
   467 ;; Parameters:    Size  Location     Type
   468 ;;  pinNumber       1    wreg     unsigned char 
   469 ;;  state           1    0[BANK0 ] unsigned char 
   470 ;; Auto vars:     Size  Location     Type
   471 ;;  pinNumber       1    2[BANK0 ] unsigned char 
   472 ;; Return value:  Size  Location     Type
   473 ;;                  1    wreg      void 
   474 ;; Registers used:
   475 ;;		wreg, status,2, status,0
   476 ;; Tracked objects:
   477 ;;		On entry : 0/0
   478 ;;		On exit  : 0/0
   479 ;;		Unchanged: 0/0
   480 ;; Data sizes:     COMMON   BANK0
   481 ;;      Params:         0       1
   482 ;;      Locals:         0       1
   483 ;;      Temps:          0       1
   484 ;;      Totals:         0       3
   485 ;;Total ram usage:        3 bytes
   486 ;; Hardware stack levels used: 1
   487 ;; This function calls:
   488 ;;		Nothing
   489 ;; This function is called by:
   490 ;;		_ISR
   491 ;; This function uses a non-reentrant model
   492 ;;
   493                           
   494     0015                     _DioPinWrite:	
   495                           ;psect for function _DioPinWrite
   496                           
   497                           
   498                           ;incstack = 0
   499                           ; Regs used in _DioPinWrite: [wreg+status,2+status,0]
   500                           ;DioPinWrite@pinNumber stored from wreg
   501     0015  1283               	bcf	3,5	;RP0=0, select bank0
   502     0016  00A2               	movwf	DioPinWrite@pinNumber
   503     0017                     i1l640:
   504                           
   505                           ;newmain.c: 100:     if (state == 1) {
   506     0017  0320               	decf	DioPinWrite@state,w
   507     0018  1D03               	btfss	3,2
   508     0019  281B               	goto	u6_21
   509     001A  281C               	goto	u6_20
   510     001B                     u6_21:
   511     001B  2828               	goto	i1l644
   512     001C                     u6_20:
   513     001C                     i1l642:
   514                           
   515                           ;newmain.c: 101:         DioState |= (1 << pinNumber);
   516     001C  3001               	movlw	1
   517     001D  00A1               	movwf	??_DioPinWrite
   518     001E  0A22               	incf	DioPinWrite@pinNumber,w
   519     001F  2822               	goto	u7_24
   520     0020                     u7_25:
   521     0020  1003               	clrc
   522     0021  0DA1               	rlf	??_DioPinWrite,f
   523     0022                     u7_24:
   524     0022  3EFF               	addlw	-1
   525     0023  1D03               	skipz
   526     0024  2820               	goto	u7_25
   527     0025  0821               	movf	??_DioPinWrite,w
   528     0026  04AC               	iorwf	_DioState,f
   529                           
   530                           ;newmain.c: 102:     } else {
   531     0027  2834               	goto	i1l646
   532     0028                     i1l644:
   533                           
   534                           ;newmain.c: 103:         DioState &= ~(1 << pinNumber);
   535     0028  3001               	movlw	1
   536     0029  00A1               	movwf	??_DioPinWrite
   537     002A  0A22               	incf	DioPinWrite@pinNumber,w
   538     002B  282E               	goto	u8_24
   539     002C                     u8_25:
   540     002C  1003               	clrc
   541     002D  0DA1               	rlf	??_DioPinWrite,f
   542     002E                     u8_24:
   543     002E  3EFF               	addlw	-1
   544     002F  1D03               	skipz
   545     0030  282C               	goto	u8_25
   546     0031  0821               	movf	??_DioPinWrite,w
   547     0032  3AFF               	xorlw	255
   548     0033  05AC               	andwf	_DioState,f
   549     0034                     i1l646:
   550                           
   551                           ;newmain.c: 105:     GPIO = DioState;
   552     0034  082C               	movf	_DioState,w
   553     0035  0085               	movwf	5	;volatile
   554     0036                     i1l42:
   555     0036  0008               	return
   556     0037                     __end_of_DioPinWrite:
   557     0000                     ___latbits      equ	0
   558     005E                     btemp           set	94	;btemp
   559     005E                     wtemp0          set	94
   560                           
   561                           	psect	config
   562                           
   563                           ;Config register CONFIG @ 0x2007
   564                           ;	Oscillator Selection bits
   565                           ;	FOSC = INTRCIO, INTOSC oscillator: I/O function on GP4/OSC2/CLKOUT pin, I/O function o
      +                          n GP5/OSC1/CLKIN
   566                           ;	Watchdog Timer Enable bit
   567                           ;	WDTE = OFF, WDT disabled
   568                           ;	Power-Up Timer Enable bit
   569                           ;	PWRTE = OFF, PWRT disabled
   570                           ;	GP3/MCLR pin function select
   571                           ;	MCLRE = OFF, GP3/MCLR pin function is digital I/O, MCLR internally tied to VDD
   572                           ;	Brown-out Detect Enable bit
   573                           ;	BOREN = OFF, BOD disabled
   574                           ;	Code Protection bit
   575                           ;	CP = OFF, Program Memory code protection is disabled
   576                           ;	Data Code Protection bit
   577                           ;	CPD = OFF, Data memory code protection is disabled
   578     2007                     	org	8199
   579     2007  3194               	dw	12692

Data Sizes:
    Strings     0
    Constant    0
    Data        0
    BSS         6
    Persistent  0
    Stack       0

Auto Spaces:
    Space          Size  Autos    Used
    COMMON            0      0       0
    BANK0            62      8      14

Pointer List with Targets:

    None.

Critical Paths under _main in COMMON

    None.

Critical Paths under _ISR in COMMON

    None.

Critical Paths under _main in BANK0

    None.

Critical Paths under _ISR in BANK0

    _ISR->_DioPinWrite

Call Graph Tables:

 ---------------------------------------------------------------------------------
 (Depth) Function   	        Calls       Base Space   Used Autos Params    Refs
 ---------------------------------------------------------------------------------
 (0) _main                                                 3     3      0       0
                                              5 BANK0      3     3      0
                            _InitAll
 ---------------------------------------------------------------------------------
 (1) _InitAll                                              0     0      0       0
 ---------------------------------------------------------------------------------
 Estimated maximum stack depth 1
 ---------------------------------------------------------------------------------
 (Depth) Function   	        Calls       Base Space   Used Autos Params    Refs
 ---------------------------------------------------------------------------------
 (2) _ISR                                                  2     2      0      82
                                              3 BANK0      2     2      0
                        _DioPinWrite
 ---------------------------------------------------------------------------------
 (3) _DioPinWrite                                          3     2      1      82
                                              0 BANK0      3     2      1
 ---------------------------------------------------------------------------------
 Estimated maximum stack depth 3
 ---------------------------------------------------------------------------------

 Call Graph Graphs:

 _main (ROOT)
   _InitAll

 _ISR (ROOT)
   _DioPinWrite

Address spaces:
Name               Size   Autos  Total    Usage
BITCOMMON            0      0       0      0.0%
BITBANK0            62      0       0      0.0%
COMMON               0      0       0      0.0%
BANK0               62      8      14     22.6%
STACK                0      0       0      0.0%
DATA                 0      0      14      0.0%


Microchip Technology PIC Macro Assembler V2.50 build 20240725155939 
Symbol Table                                                                                   Tue Oct 22 00:24:50 2024

                     l31 0067                       l32 0067                       l37 0073  
                    l630 0069                      l632 006B                      l634 006D  
                    l650 0057                      l636 006F                      l652 0065  
                    l638 0071                      l648 0056                      _IOC 0096  
                    u117 005E                      _ISR 0037                      _WPU 0095  
                   ?_ISR 0020                     _GPIO 0005                     i1l42 0036  
                   i1l50 004F                     i1l47 003D                     _Flag 0028  
                   u6_20 001C                     u6_21 001B                     u7_24 0022  
                   u7_25 0020                     u8_24 002E                     u8_25 002C  
                   u9_20 003B                     u9_21 003A                     _main 0056  
                   btemp 005E                     start 000B          __end_of_InitAll 0074  
                  ??_ISR 0023                    ?_main 0020                    i1l640 0017  
                  i1l642 001C                    i1l644 0028                    i1l660 0046  
                  i1l646 0034                    i1l662 0049                    i1l654 0037  
                  i1l664 004C                    i1l656 003B                    i1l658 0042  
                  u10_20 0042                    u10_21 0041                    pclath 000A  
            _DioPinWrite 0015                    status 0003                    wtemp0 005E  
        __initialization 000C             __end_of_main 0069                   ??_main 0025  
                 _INTCON 000B                   _TRISIO 0085                ??_InitAll 0000  
            _DispenserOn 002D                   saved_w 005E  __end_of__initialization 0013  
         __pcstackCOMMON 0000               __pbssBANK0 0028               __pmaintext 0056  
             __pintentry 0004             ?_DioPinWrite 0020                  _InitAll 0069  
                __ptext1 0069                  __ptext2 0037                  __ptext3 0015  
   end_of_initialization 0013      start_initialization 000C              __end_of_ISR 0056  
          _repeatCounter 0029         DioPinWrite@state 0020     DioPinWrite@pinNumber 0022  
              ___latbits 0000            __pcstackBANK0 0020                 ?_InitAll 0020  
           _RepeatEnable 002A             _RepeatOnFlag 002B        interrupt_function 0004  
               _DioState 002C                 intlevel1 0000            ??_DioPinWrite 0021  
    __end_of_DioPinWrite 0037  
